<?xml version="1.0" encoding="UTF-8"?>
<!-- Generated by org.testng.reporters.JUnitReportReporter -->
<testsuite hostname="SONY-VAIO" name="org.kits.trax.rest.CoverageControllerIT" tests="1" failures="0" timestamp="5 Apr 2014 00:32:15 GMT" time="21.207" errors="0">
  <testcase name="bulkCreate" time="21.207" classname="org.kits.trax.rest.CoverageControllerIT"/>
</testsuite> <!-- org.kits.trax.rest.CoverageControllerIT -->
