<?xml version="1.0" encoding="UTF-8"?>
<!-- Generated by org.testng.reporters.JUnitReportReporter -->
<testsuite hostname="SONY-VAIO" name="org.kits.trax.rest.CoverageControllerIT" tests="1" failures="1" timestamp="3 Apr 2014 02:10:17 GMT" time="0.000" errors="0">
  <testcase name="list" time="0.000" classname="org.kits.trax.rest.CoverageControllerIT">
    <failure type="java.lang.RuntimeException" message="java.net.SocketException: socket closed">
      <![CDATA[java.lang.RuntimeException: java.net.SocketException: socket closed
	at org.testng.internal.MethodInvocationHelper.invokeDataProvider(MethodInvocationHelper.java:161)
	at org.testng.internal.Parameters.handleParameters(Parameters.java:429)
	at org.testng.internal.Invoker.handleParameters(Invoker.java:1383)
	at org.testng.internal.Invoker.createParameters(Invoker.java:1075)
	at org.testng.internal.Invoker.invokeTestMethods(Invoker.java:1180)
	at org.testng.internal.TestMethodWorker.invokeTestMethods(TestMethodWorker.java:127)
	at org.testng.internal.TestMethodWorker.run(TestMethodWorker.java:111)
	at org.testng.TestRunner.privateRun(TestRunner.java:767)
	at org.testng.TestRunner.run(TestRunner.java:617)
	at org.testng.SuiteRunner.runTest(SuiteRunner.java:334)
	at org.testng.SuiteRunner.runSequentially(SuiteRunner.java:329)
	at org.testng.SuiteRunner.privateRun(SuiteRunner.java:291)
	at org.testng.SuiteRunner.run(SuiteRunner.java:240)
	at org.testng.SuiteRunnerWorker.runSuite(SuiteRunnerWorker.java:52)
	at org.testng.SuiteRunnerWorker.run(SuiteRunnerWorker.java:86)
	at org.testng.TestNG.runSuitesSequentially(TestNG.java:1224)
	at org.testng.TestNG.runSuitesLocally(TestNG.java:1149)
	at org.testng.TestNG.run(TestNG.java:1057)
	at org.testng.remote.RemoteTestNG.run(RemoteTestNG.java:111)
	at org.testng.remote.RemoteTestNG.initAndRun(RemoteTestNG.java:204)
	at org.testng.remote.RemoteTestNG.main(RemoteTestNG.java:175)
Caused by: java.net.SocketException: socket closed
	at java.net.SocketInputStream.socketRead0(Native Method)
	at java.net.SocketInputStream.read(Unknown Source)
	at java.net.SocketInputStream.read(Unknown Source)
	at org.apache.http.impl.io.AbstractSessionInputBuffer.fillBuffer(AbstractSessionInputBuffer.java:160)
	at org.apache.http.impl.io.SocketInputBuffer.fillBuffer(SocketInputBuffer.java:84)
	at org.apache.http.impl.io.AbstractSessionInputBuffer.read(AbstractSessionInputBuffer.java:206)
	at org.apache.http.impl.conn.LoggingSessionInputBuffer.read(LoggingSessionInputBuffer.java:83)
	at org.apache.http.impl.io.ContentLengthInputStream.read(ContentLengthInputStream.java:178)
	at org.apache.http.conn.EofSensorInputStream.read(EofSensorInputStream.java:137)
	at sun.nio.cs.StreamDecoder.readBytes(Unknown Source)
	at sun.nio.cs.StreamDecoder.implRead(Unknown Source)
	at sun.nio.cs.StreamDecoder.read(Unknown Source)
	at java.io.InputStreamReader.read(Unknown Source)
	at java.io.Reader.read(Unknown Source)
	at org.apache.commons.io.IOUtils.copyLarge(IOUtils.java:2001)
	at org.apache.commons.io.IOUtils.copyLarge(IOUtils.java:1980)
	at org.apache.commons.io.IOUtils.copy(IOUtils.java:1957)
	at org.apache.commons.io.IOUtils.copy(IOUtils.java:1907)
	at org.apache.commons.io.IOUtils.toString(IOUtils.java:778)
	at org.apache.commons.io.IOUtils.toString(IOUtils.java:759)
	at org.kits.trax.rest.CoverageControllerIT.listData(CoverageControllerIT.java:59)
	at sun.reflect.NativeMethodAccessorImpl.invoke0(Native Method)
	at sun.reflect.NativeMethodAccessorImpl.invoke(Unknown Source)
	at sun.reflect.DelegatingMethodAccessorImpl.invoke(Unknown Source)
	at java.lang.reflect.Method.invoke(Unknown Source)
	at org.testng.internal.MethodInvocationHelper.invokeMethod(MethodInvocationHelper.java:84)
	at org.testng.internal.MethodInvocationHelper.invokeDataProvider(MethodInvocationHelper.java:135)
	... 20 more
]]>
    </failure>
  </testcase> <!-- list -->
</testsuite> <!-- org.kits.trax.rest.CoverageControllerIT -->
